<?xml version="1.0" encoding="UTF-8"?>
<!-- Generated by org.testng.reporters.JUnitXMLReporter -->
<testsuite ignored="2" hostname="DESKTOP-EKTU0VS" failures="0" tests="1" name="Test" time="62.425" errors="0" timestamp="2024-02-14T10:50:48 IST">
  <testcase classname="MOCKSelenium.Mock" name="openbrowser" time="61.819"/>
  <testcase classname="MOCKSelenium.DifferentBrowser" name="openbrowser" time="0.0">
    <ignored/>
  </testcase> <!-- openbrowser -->
  <testcase classname="MOCKSelenium.Browser" name="openbrowser" time="0.0">
    <ignored/>
  </testcase> <!-- openbrowser -->
</testsuite> <!-- Test -->
